2020-08-05 11:57:09,951  INFO Microsoft.Hosting.Lifetime.? [?] - MESSAGE: Application started. Press Ctrl+C to shut down.
 2020-08-05 11:57:09,965  INFO Microsoft.Hosting.Lifetime.? [?] - MESSAGE: Hosting environment: Development
 2020-08-05 11:57:09,967  INFO Microsoft.Hosting.Lifetime.? [?] - MESSAGE: Content root path: D:\Projects\Test\FileProcessorTest\FileProcessor
 2020-08-05 11:57:20,504  WARN Bll.Managers.FileManager.? [?] - MESSAGE: Errors occured during CSV file parsing. Details: 
 2020-08-05 11:58:22,959  INFO Microsoft.Hosting.Lifetime.? [?] - MESSAGE: Application started. Press Ctrl+C to shut down.
 2020-08-05 11:58:22,969  INFO Microsoft.Hosting.Lifetime.? [?] - MESSAGE: Hosting environment: Development
 2020-08-05 11:58:22,971  INFO Microsoft.Hosting.Lifetime.? [?] - MESSAGE: Content root path: D:\Projects\Test\FileProcessorTest\FileProcessor
 2020-08-05 11:58:29,343  WARN Bll.Managers.FileManager.? [?] - MESSAGE: Errors occured during CSV file parsing. Details: Error in Row: 2. Unmapped Row: Invoice0000001, \|1|000.00\"|USD|20/02/2019 12:33:16|Approved\n". Error Message: Column 2 with Value '000.00\"' cannot be converted.
Error in Row: 1. Unmapped Row: Invoice0000002, 300.00, 21/02/2019 02:04:59, Failed|. Error Message: Column 1 with Value '' cannot be converted.

 2020-08-05 12:07:31,446  INFO Microsoft.Hosting.Lifetime.? [?] - MESSAGE: Application started. Press Ctrl+C to shut down.
 2020-08-05 12:07:31,456  INFO Microsoft.Hosting.Lifetime.? [?] - MESSAGE: Hosting environment: Development
 2020-08-05 12:07:31,458  INFO Microsoft.Hosting.Lifetime.? [?] - MESSAGE: Content root path: D:\Projects\Test\FileProcessorTest\FileProcessor
 2020-08-05 12:08:48,596  INFO Microsoft.Hosting.Lifetime.? [?] - MESSAGE: Application started. Press Ctrl+C to shut down.
 2020-08-05 12:08:48,606  INFO Microsoft.Hosting.Lifetime.? [?] - MESSAGE: Hosting environment: Development
 2020-08-05 12:08:48,608  INFO Microsoft.Hosting.Lifetime.? [?] - MESSAGE: Content root path: D:\Projects\Test\FileProcessorTest\FileProcessor
 2020-08-05 12:09:08,338  INFO Microsoft.Hosting.Lifetime.? [?] - MESSAGE: Application started. Press Ctrl+C to shut down.
 2020-08-05 12:09:08,348  INFO Microsoft.Hosting.Lifetime.? [?] - MESSAGE: Hosting environment: Development
 2020-08-05 12:09:08,351  INFO Microsoft.Hosting.Lifetime.? [?] - MESSAGE: Content root path: D:\Projects\Test\FileProcessorTest\FileProcessor
 2020-08-05 12:11:43,968  WARN Bll.Managers.FileManager.? [?] - MESSAGE: Errors occured during CSV file parsing. Details: Transaction Amount of #0 transaction is empty or has bad format.
Transaction CurrencyCode of #1 transaction is empty or has bad format.

 2020-08-05 12:13:10,955  WARN Bll.Managers.FileManager.? [?] - MESSAGE: Errors occured during CSV file parsing. Details: Error in Row: 2. Unmapped Row: Invoice0000001, \|1|000.00\"|USD|20/02/2019 12:33:16|Approved\n". Error Message: Column 2 with Value '000.00\"' cannot be converted.
Error in Row: 1. Unmapped Row: Invoice0000002, 300.00, 21/02/2019 02:04:59, Failed|. Error Message: Column 1 with Value '' cannot be converted.

 2020-08-05 12:40:50,291  INFO Microsoft.Hosting.Lifetime.? [?] - MESSAGE: Application started. Press Ctrl+C to shut down.
 2020-08-05 12:40:50,303  INFO Microsoft.Hosting.Lifetime.? [?] - MESSAGE: Hosting environment: Development
 2020-08-05 12:40:50,304  INFO Microsoft.Hosting.Lifetime.? [?] - MESSAGE: Content root path: D:\Projects\Test\FileProcessorTest\FileProcessor
 2020-08-05 12:42:07,728  INFO Microsoft.Hosting.Lifetime.? [?] - MESSAGE: Application started. Press Ctrl+C to shut down.
 2020-08-05 12:42:07,741  INFO Microsoft.Hosting.Lifetime.? [?] - MESSAGE: Hosting environment: Development
 2020-08-05 12:42:07,742  INFO Microsoft.Hosting.Lifetime.? [?] - MESSAGE: Content root path: D:\Projects\Test\FileProcessorTest\FileProcessor
 2020-08-05 12:43:18,007  INFO Microsoft.Hosting.Lifetime.? [?] - MESSAGE: Application started. Press Ctrl+C to shut down.
 2020-08-05 12:43:18,018  INFO Microsoft.Hosting.Lifetime.? [?] - MESSAGE: Hosting environment: Development
 2020-08-05 12:43:18,020  INFO Microsoft.Hosting.Lifetime.? [?] - MESSAGE: Content root path: D:\Projects\Test\FileProcessorTest\FileProcessor
 2020-08-05 12:45:59,183  INFO Microsoft.Hosting.Lifetime.? [?] - MESSAGE: Application started. Press Ctrl+C to shut down.
 2020-08-05 12:45:59,192  INFO Microsoft.Hosting.Lifetime.? [?] - MESSAGE: Hosting environment: Development
 2020-08-05 12:45:59,194  INFO Microsoft.Hosting.Lifetime.? [?] - MESSAGE: Content root path: D:\Projects\Test\FileProcessorTest\FileProcessor
 2020-08-05 12:48:09,404  INFO Microsoft.Hosting.Lifetime.? [?] - MESSAGE: Application started. Press Ctrl+C to shut down.
 2020-08-05 12:48:09,414  INFO Microsoft.Hosting.Lifetime.? [?] - MESSAGE: Hosting environment: Development
 2020-08-05 12:48:09,415  INFO Microsoft.Hosting.Lifetime.? [?] - MESSAGE: Content root path: D:\Projects\Test\FileProcessorTest\FileProcessor
 2020-08-05 12:49:00,972  INFO Microsoft.Hosting.Lifetime.? [?] - MESSAGE: Application started. Press Ctrl+C to shut down.
 2020-08-05 12:49:00,983  INFO Microsoft.Hosting.Lifetime.? [?] - MESSAGE: Hosting environment: Development
 2020-08-05 12:49:00,984  INFO Microsoft.Hosting.Lifetime.? [?] - MESSAGE: Content root path: D:\Projects\Test\FileProcessorTest\FileProcessor
 2020-08-05 13:08:57,550  INFO Microsoft.Hosting.Lifetime.? [?] - MESSAGE: Application started. Press Ctrl+C to shut down.
 2020-08-05 13:08:57,560  INFO Microsoft.Hosting.Lifetime.? [?] - MESSAGE: Hosting environment: Development
 2020-08-05 13:08:57,562  INFO Microsoft.Hosting.Lifetime.? [?] - MESSAGE: Content root path: D:\Projects\Test\FileProcessorTest\FileProcessor
 2020-08-05 13:15:56,659  INFO Microsoft.Hosting.Lifetime.? [?] - MESSAGE: Application started. Press Ctrl+C to shut down.
 2020-08-05 13:15:56,670  INFO Microsoft.Hosting.Lifetime.? [?] - MESSAGE: Hosting environment: Development
 2020-08-05 13:15:56,672  INFO Microsoft.Hosting.Lifetime.? [?] - MESSAGE: Content root path: D:\Projects\Test\FileProcessorTest\FileProcessor
 2020-08-05 13:16:04,994  WARN Bll.Managers.FileManager.? [?] - MESSAGE: Errors occured during CSV file parsing. Details: Error in Row: 2. Unmapped Row: Invoice0000001, \|1|000.00\"|USD|20/02/2019 12:33:16|Approved\n". Error Message: Column 2 with Value '000.00\"' cannot be converted.
Error in Row: 1. Unmapped Row: Invoice0000002, 300.00, 21/02/2019 02:04:59, Failed|. Error Message: Column 1 with Value '' cannot be converted.

 2020-08-05 13:17:21,746  INFO Microsoft.Hosting.Lifetime.? [?] - MESSAGE: Application started. Press Ctrl+C to shut down.
 2020-08-05 13:17:21,756  INFO Microsoft.Hosting.Lifetime.? [?] - MESSAGE: Hosting environment: Development
 2020-08-05 13:17:21,758  INFO Microsoft.Hosting.Lifetime.? [?] - MESSAGE: Content root path: D:\Projects\Test\FileProcessorTest\FileProcessor
 2020-08-05 13:20:29,357  INFO Microsoft.Hosting.Lifetime.? [?] - MESSAGE: Application started. Press Ctrl+C to shut down.
 2020-08-05 13:20:29,369  INFO Microsoft.Hosting.Lifetime.? [?] - MESSAGE: Hosting environment: Development
 2020-08-05 13:20:29,370  INFO Microsoft.Hosting.Lifetime.? [?] - MESSAGE: Content root path: D:\Projects\Test\FileProcessorTest\FileProcessor
 