2020-08-05 07:54:27,287  INFO Microsoft.Hosting.Lifetime.? [?] - MESSAGE: Application started. Press Ctrl+C to shut down.
 2020-08-05 07:54:27,301  INFO Microsoft.Hosting.Lifetime.? [?] - MESSAGE: Hosting environment: Development
 2020-08-05 07:54:27,303  INFO Microsoft.Hosting.Lifetime.? [?] - MESSAGE: Content root path: D:\Projects\Test\FileProcessorTest\FileProcessor
 2020-08-05 07:57:30,265  INFO Microsoft.Hosting.Lifetime.? [?] - MESSAGE: Application started. Press Ctrl+C to shut down.
 2020-08-05 07:57:30,273  INFO Microsoft.Hosting.Lifetime.? [?] - MESSAGE: Hosting environment: Development
 2020-08-05 07:57:30,274  INFO Microsoft.Hosting.Lifetime.? [?] - MESSAGE: Content root path: D:\Projects\Test\FileProcessorTest\FileProcessor
 2020-08-05 07:59:47,108  INFO Microsoft.Hosting.Lifetime.? [?] - MESSAGE: Application started. Press Ctrl+C to shut down.
 2020-08-05 07:59:47,117  INFO Microsoft.Hosting.Lifetime.? [?] - MESSAGE: Hosting environment: Development
 2020-08-05 07:59:47,118  INFO Microsoft.Hosting.Lifetime.? [?] - MESSAGE: Content root path: D:\Projects\Test\FileProcessorTest\FileProcessor
 2020-08-05 08:10:32,221  INFO Microsoft.Hosting.Lifetime.? [?] - MESSAGE: Application started. Press Ctrl+C to shut down.
 2020-08-05 08:10:32,238  INFO Microsoft.Hosting.Lifetime.? [?] - MESSAGE: Hosting environment: Development
 2020-08-05 08:10:32,242  INFO Microsoft.Hosting.Lifetime.? [?] - MESSAGE: Content root path: D:\Projects\Test\FileProcessorTest\FileProcessor
 2020-08-05 08:12:48,975  INFO Microsoft.Hosting.Lifetime.? [?] - MESSAGE: Application started. Press Ctrl+C to shut down.
 2020-08-05 08:12:48,987  INFO Microsoft.Hosting.Lifetime.? [?] - MESSAGE: Hosting environment: Development
 2020-08-05 08:12:48,988  INFO Microsoft.Hosting.Lifetime.? [?] - MESSAGE: Content root path: D:\Projects\Test\FileProcessorTest\FileProcessor
 2020-08-05 08:13:25,778  INFO Microsoft.Hosting.Lifetime.? [?] - MESSAGE: Application started. Press Ctrl+C to shut down.
 2020-08-05 08:13:25,790  INFO Microsoft.Hosting.Lifetime.? [?] - MESSAGE: Hosting environment: Development
 2020-08-05 08:13:25,791  INFO Microsoft.Hosting.Lifetime.? [?] - MESSAGE: Content root path: D:\Projects\Test\FileProcessorTest\FileProcessor
 2020-08-05 08:14:23,602  INFO Microsoft.Hosting.Lifetime.? [?] - MESSAGE: Application started. Press Ctrl+C to shut down.
 2020-08-05 08:14:23,612  INFO Microsoft.Hosting.Lifetime.? [?] - MESSAGE: Hosting environment: Development
 2020-08-05 08:14:23,613  INFO Microsoft.Hosting.Lifetime.? [?] - MESSAGE: Content root path: D:\Projects\Test\FileProcessorTest\FileProcessor
 2020-08-05 08:24:57,247  INFO Microsoft.Hosting.Lifetime.? [?] - MESSAGE: Application started. Press Ctrl+C to shut down.
 2020-08-05 08:24:57,264  INFO Microsoft.Hosting.Lifetime.? [?] - MESSAGE: Hosting environment: Development
 2020-08-05 08:24:57,266  INFO Microsoft.Hosting.Lifetime.? [?] - MESSAGE: Content root path: D:\Projects\Test\FileProcessorTest\FileProcessor
 2020-08-05 08:28:20,285  INFO Microsoft.Hosting.Lifetime.? [?] - MESSAGE: Application started. Press Ctrl+C to shut down.
 2020-08-05 08:28:20,294  INFO Microsoft.Hosting.Lifetime.? [?] - MESSAGE: Hosting environment: Development
 2020-08-05 08:28:20,296  INFO Microsoft.Hosting.Lifetime.? [?] - MESSAGE: Content root path: D:\Projects\Test\FileProcessorTest\FileProcessor
 2020-08-05 08:47:14,609  INFO Microsoft.Hosting.Lifetime.? [?] - MESSAGE: Application started. Press Ctrl+C to shut down.
 2020-08-05 08:47:14,621  INFO Microsoft.Hosting.Lifetime.? [?] - MESSAGE: Hosting environment: Development
 2020-08-05 08:47:14,623  INFO Microsoft.Hosting.Lifetime.? [?] - MESSAGE: Content root path: D:\Projects\Test\FileProcessorTest\FileProcessor
 2020-08-05 08:48:27,467 ERROR Microsoft.AspNetCore.Diagnostics.DeveloperExceptionPageMiddleware.? [?] - MESSAGE: An unhandled exception has occurred while executing the request.
 System.InvalidOperationException: Unable to resolve service for type 'Domain.Interfaces.IFileManager' while attempting to activate 'FileProcessor.Controllers.Api.FileUploaderController'.
   at Microsoft.Extensions.DependencyInjection.ActivatorUtilities.GetService(IServiceProvider sp, Type type, Type requiredBy, Boolean isDefaultParameterRequired)
   at lambda_method(Closure , IServiceProvider , Object[] )
   at Microsoft.AspNetCore.Mvc.Controllers.ControllerActivatorProvider.<>c__DisplayClass4_0.<CreateActivator>b__0(ControllerContext controllerContext)
   at Microsoft.AspNetCore.Mvc.Controllers.ControllerFactoryProvider.<>c__DisplayClass5_0.<CreateControllerFactory>g__CreateController|0(ControllerContext controllerContext)
   at Microsoft.AspNetCore.Mvc.Infrastructure.ControllerActionInvoker.Next(State& next, Scope& scope, Object& state, Boolean& isCompleted)
   at Microsoft.AspNetCore.Mvc.Infrastructure.ControllerActionInvoker.InvokeInnerFilterAsync()
--- End of stack trace from previous location where exception was thrown ---
   at Microsoft.AspNetCore.Mvc.Infrastructure.ResourceInvoker.<InvokeNextResourceFilter>g__Awaited|24_0(ResourceInvoker invoker, Task lastTask, State next, Scope scope, Object state, Boolean isCompleted)
   at Microsoft.AspNetCore.Mvc.Infrastructure.ResourceInvoker.Rethrow(ResourceExecutedContextSealed context)
   at Microsoft.AspNetCore.Mvc.Infrastructure.ResourceInvoker.Next(State& next, Scope& scope, Object& state, Boolean& isCompleted)
   at Microsoft.AspNetCore.Mvc.Infrastructure.ResourceInvoker.InvokeFilterPipelineAsync()
--- End of stack trace from previous location where exception was thrown ---
   at Microsoft.AspNetCore.Mvc.Infrastructure.ResourceInvoker.<InvokeAsync>g__Awaited|17_0(ResourceInvoker invoker, Task task, IDisposable scope)
   at Microsoft.AspNetCore.Routing.EndpointMiddleware.<Invoke>g__AwaitRequestTask|6_0(Endpoint endpoint, Task requestTask, ILogger logger)
   at Microsoft.AspNetCore.Diagnostics.DeveloperExceptionPageMiddleware.Invoke(HttpContext context)
2020-08-05 08:50:48,538  INFO Microsoft.Hosting.Lifetime.? [?] - MESSAGE: Application started. Press Ctrl+C to shut down.
 2020-08-05 08:50:48,549  INFO Microsoft.Hosting.Lifetime.? [?] - MESSAGE: Hosting environment: Development
 2020-08-05 08:50:48,551  INFO Microsoft.Hosting.Lifetime.? [?] - MESSAGE: Content root path: D:\Projects\Test\FileProcessorTest\FileProcessor
 2020-08-05 08:51:02,737 ERROR Microsoft.AspNetCore.Diagnostics.DeveloperExceptionPageMiddleware.? [?] - MESSAGE: An unhandled exception has occurred while executing the request.
 System.ArgumentNullException: Value cannot be null. (Parameter 'target')
   at Microsoft.AspNetCore.Http.FormFile.CopyToAsync(Stream target, CancellationToken cancellationToken)
   at FileProcessor.Controllers.Api.FileUploaderController.UploadFile(IFormFile file) in D:\Projects\Test\FileProcessorTest\FileProcessor\Controllers\Api\FileUploaderController.cs:line 33
   at lambda_method(Closure , Object )
   at Microsoft.Extensions.Internal.ObjectMethodExecutorAwaitable.Awaiter.GetResult()
   at Microsoft.AspNetCore.Mvc.Infrastructure.ActionMethodExecutor.TaskOfActionResultExecutor.Execute(IActionResultTypeMapper mapper, ObjectMethodExecutor executor, Object controller, Object[] arguments)
   at Microsoft.AspNetCore.Mvc.Infrastructure.ControllerActionInvoker.<InvokeActionMethodAsync>g__Awaited|12_0(ControllerActionInvoker invoker, ValueTask`1 actionResultValueTask)
   at Microsoft.AspNetCore.Mvc.Infrastructure.ControllerActionInvoker.<InvokeNextActionFilterAsync>g__Awaited|10_0(ControllerActionInvoker invoker, Task lastTask, State next, Scope scope, Object state, Boolean isCompleted)
   at Microsoft.AspNetCore.Mvc.Infrastructure.ControllerActionInvoker.Rethrow(ActionExecutedContextSealed context)
   at Microsoft.AspNetCore.Mvc.Infrastructure.ControllerActionInvoker.Next(State& next, Scope& scope, Object& state, Boolean& isCompleted)
   at Microsoft.AspNetCore.Mvc.Infrastructure.ControllerActionInvoker.InvokeInnerFilterAsync()
--- End of stack trace from previous location where exception was thrown ---
   at Microsoft.AspNetCore.Mvc.Infrastructure.ResourceInvoker.<InvokeNextResourceFilter>g__Awaited|24_0(ResourceInvoker invoker, Task lastTask, State next, Scope scope, Object state, Boolean isCompleted)
   at Microsoft.AspNetCore.Mvc.Infrastructure.ResourceInvoker.Rethrow(ResourceExecutedContextSealed context)
   at Microsoft.AspNetCore.Mvc.Infrastructure.ResourceInvoker.Next(State& next, Scope& scope, Object& state, Boolean& isCompleted)
   at Microsoft.AspNetCore.Mvc.Infrastructure.ResourceInvoker.InvokeFilterPipelineAsync()
--- End of stack trace from previous location where exception was thrown ---
   at Microsoft.AspNetCore.Mvc.Infrastructure.ResourceInvoker.<InvokeAsync>g__Awaited|17_0(ResourceInvoker invoker, Task task, IDisposable scope)
   at Microsoft.AspNetCore.Routing.EndpointMiddleware.<Invoke>g__AwaitRequestTask|6_0(Endpoint endpoint, Task requestTask, ILogger logger)
   at Microsoft.AspNetCore.Diagnostics.DeveloperExceptionPageMiddleware.Invoke(HttpContext context)
2020-08-05 08:51:55,429  INFO Microsoft.Hosting.Lifetime.? [?] - MESSAGE: Application started. Press Ctrl+C to shut down.
 2020-08-05 08:51:55,439  INFO Microsoft.Hosting.Lifetime.? [?] - MESSAGE: Hosting environment: Development
 2020-08-05 08:51:55,441  INFO Microsoft.Hosting.Lifetime.? [?] - MESSAGE: Content root path: D:\Projects\Test\FileProcessorTest\FileProcessor
 2020-08-05 08:58:56,974 ERROR Microsoft.AspNetCore.Diagnostics.DeveloperExceptionPageMiddleware.? [?] - MESSAGE: An unhandled exception has occurred while executing the request.
 System.NullReferenceException: Object reference not set to an instance of an object.
   at Bll.Managers.FileManager.ProcessFileAsync(Stream content, String fileExtension) in D:\Projects\Test\FileProcessorTest\Bll\Managers\FileManager.cs:line 32
   at FileProcessor.Controllers.Api.FileUploaderController.UploadFile(IFormFile file) in D:\Projects\Test\FileProcessorTest\FileProcessor\Controllers\Api\FileUploaderController.cs:line 37
   at lambda_method(Closure , Object )
   at Microsoft.Extensions.Internal.ObjectMethodExecutorAwaitable.Awaiter.GetResult()
   at Microsoft.AspNetCore.Mvc.Infrastructure.ActionMethodExecutor.TaskOfActionResultExecutor.Execute(IActionResultTypeMapper mapper, ObjectMethodExecutor executor, Object controller, Object[] arguments)
   at Microsoft.AspNetCore.Mvc.Infrastructure.ControllerActionInvoker.<InvokeActionMethodAsync>g__Awaited|12_0(ControllerActionInvoker invoker, ValueTask`1 actionResultValueTask)
   at Microsoft.AspNetCore.Mvc.Infrastructure.ControllerActionInvoker.<InvokeNextActionFilterAsync>g__Awaited|10_0(ControllerActionInvoker invoker, Task lastTask, State next, Scope scope, Object state, Boolean isCompleted)
   at Microsoft.AspNetCore.Mvc.Infrastructure.ControllerActionInvoker.Rethrow(ActionExecutedContextSealed context)
   at Microsoft.AspNetCore.Mvc.Infrastructure.ControllerActionInvoker.Next(State& next, Scope& scope, Object& state, Boolean& isCompleted)
   at Microsoft.AspNetCore.Mvc.Infrastructure.ControllerActionInvoker.InvokeInnerFilterAsync()
--- End of stack trace from previous location where exception was thrown ---
   at Microsoft.AspNetCore.Mvc.Infrastructure.ResourceInvoker.<InvokeNextResourceFilter>g__Awaited|24_0(ResourceInvoker invoker, Task lastTask, State next, Scope scope, Object state, Boolean isCompleted)
   at Microsoft.AspNetCore.Mvc.Infrastructure.ResourceInvoker.Rethrow(ResourceExecutedContextSealed context)
   at Microsoft.AspNetCore.Mvc.Infrastructure.ResourceInvoker.Next(State& next, Scope& scope, Object& state, Boolean& isCompleted)
   at Microsoft.AspNetCore.Mvc.Infrastructure.ResourceInvoker.InvokeFilterPipelineAsync()
--- End of stack trace from previous location where exception was thrown ---
   at Microsoft.AspNetCore.Mvc.Infrastructure.ResourceInvoker.<InvokeAsync>g__Awaited|17_0(ResourceInvoker invoker, Task task, IDisposable scope)
   at Microsoft.AspNetCore.Routing.EndpointMiddleware.<Invoke>g__AwaitRequestTask|6_0(Endpoint endpoint, Task requestTask, ILogger logger)
   at Microsoft.AspNetCore.Diagnostics.DeveloperExceptionPageMiddleware.Invoke(HttpContext context)
2020-08-05 09:00:26,388  INFO Microsoft.Hosting.Lifetime.? [?] - MESSAGE: Application started. Press Ctrl+C to shut down.
 2020-08-05 09:00:26,397  INFO Microsoft.Hosting.Lifetime.? [?] - MESSAGE: Hosting environment: Development
 2020-08-05 09:00:26,400  INFO Microsoft.Hosting.Lifetime.? [?] - MESSAGE: Content root path: D:\Projects\Test\FileProcessorTest\FileProcessor
 2020-08-05 09:00:35,056 ERROR Microsoft.AspNetCore.Diagnostics.DeveloperExceptionPageMiddleware.? [?] - MESSAGE: An unhandled exception has occurred while executing the request.
 System.NullReferenceException: Object reference not set to an instance of an object.
   at Bll.Managers.FileManager.ProcessFileAsync(Stream content, String fileExtension) in D:\Projects\Test\FileProcessorTest\Bll\Managers\FileManager.cs:line 32
   at FileProcessor.Controllers.Api.FileUploaderController.UploadFile(IFormFile file) in D:\Projects\Test\FileProcessorTest\FileProcessor\Controllers\Api\FileUploaderController.cs:line 37
   at lambda_method(Closure , Object )
   at Microsoft.Extensions.Internal.ObjectMethodExecutorAwaitable.Awaiter.GetResult()
   at Microsoft.AspNetCore.Mvc.Infrastructure.ActionMethodExecutor.TaskOfActionResultExecutor.Execute(IActionResultTypeMapper mapper, ObjectMethodExecutor executor, Object controller, Object[] arguments)
   at Microsoft.AspNetCore.Mvc.Infrastructure.ControllerActionInvoker.<InvokeActionMethodAsync>g__Awaited|12_0(ControllerActionInvoker invoker, ValueTask`1 actionResultValueTask)
   at Microsoft.AspNetCore.Mvc.Infrastructure.ControllerActionInvoker.<InvokeNextActionFilterAsync>g__Awaited|10_0(ControllerActionInvoker invoker, Task lastTask, State next, Scope scope, Object state, Boolean isCompleted)
   at Microsoft.AspNetCore.Mvc.Infrastructure.ControllerActionInvoker.Rethrow(ActionExecutedContextSealed context)
   at Microsoft.AspNetCore.Mvc.Infrastructure.ControllerActionInvoker.Next(State& next, Scope& scope, Object& state, Boolean& isCompleted)
   at Microsoft.AspNetCore.Mvc.Infrastructure.ControllerActionInvoker.InvokeInnerFilterAsync()
--- End of stack trace from previous location where exception was thrown ---
   at Microsoft.AspNetCore.Mvc.Infrastructure.ResourceInvoker.<InvokeNextResourceFilter>g__Awaited|24_0(ResourceInvoker invoker, Task lastTask, State next, Scope scope, Object state, Boolean isCompleted)
   at Microsoft.AspNetCore.Mvc.Infrastructure.ResourceInvoker.Rethrow(ResourceExecutedContextSealed context)
   at Microsoft.AspNetCore.Mvc.Infrastructure.ResourceInvoker.Next(State& next, Scope& scope, Object& state, Boolean& isCompleted)
   at Microsoft.AspNetCore.Mvc.Infrastructure.ResourceInvoker.InvokeFilterPipelineAsync()
--- End of stack trace from previous location where exception was thrown ---
   at Microsoft.AspNetCore.Mvc.Infrastructure.ResourceInvoker.<InvokeAsync>g__Awaited|17_0(ResourceInvoker invoker, Task task, IDisposable scope)
   at Microsoft.AspNetCore.Routing.EndpointMiddleware.<Invoke>g__AwaitRequestTask|6_0(Endpoint endpoint, Task requestTask, ILogger logger)
   at Microsoft.AspNetCore.Diagnostics.DeveloperExceptionPageMiddleware.Invoke(HttpContext context)
2020-08-05 09:09:17,539  INFO Microsoft.Hosting.Lifetime.? [?] - MESSAGE: Application started. Press Ctrl+C to shut down.
 2020-08-05 09:09:17,549  INFO Microsoft.Hosting.Lifetime.? [?] - MESSAGE: Hosting environment: Development
 2020-08-05 09:09:17,551  INFO Microsoft.Hosting.Lifetime.? [?] - MESSAGE: Content root path: D:\Projects\Test\FileProcessorTest\FileProcessor
 2020-08-05 09:10:08,198 ERROR Microsoft.AspNetCore.Diagnostics.DeveloperExceptionPageMiddleware.? [?] - MESSAGE: An unhandled exception has occurred while executing the request.
 System.NullReferenceException: Object reference not set to an instance of an object.
   at Bll.Managers.FileManager.ProcessFileAsync(Stream content, String fileExtension) in D:\Projects\Test\FileProcessorTest\Bll\Managers\FileManager.cs:line 32
   at FileProcessor.Controllers.Api.FileUploaderController.UploadFile(IFormFile file) in D:\Projects\Test\FileProcessorTest\FileProcessor\Controllers\Api\FileUploaderController.cs:line 37
   at lambda_method(Closure , Object )
   at Microsoft.Extensions.Internal.ObjectMethodExecutorAwaitable.Awaiter.GetResult()
   at Microsoft.AspNetCore.Mvc.Infrastructure.ActionMethodExecutor.TaskOfActionResultExecutor.Execute(IActionResultTypeMapper mapper, ObjectMethodExecutor executor, Object controller, Object[] arguments)
   at Microsoft.AspNetCore.Mvc.Infrastructure.ControllerActionInvoker.<InvokeActionMethodAsync>g__Awaited|12_0(ControllerActionInvoker invoker, ValueTask`1 actionResultValueTask)
   at Microsoft.AspNetCore.Mvc.Infrastructure.ControllerActionInvoker.<InvokeNextActionFilterAsync>g__Awaited|10_0(ControllerActionInvoker invoker, Task lastTask, State next, Scope scope, Object state, Boolean isCompleted)
   at Microsoft.AspNetCore.Mvc.Infrastructure.ControllerActionInvoker.Rethrow(ActionExecutedContextSealed context)
   at Microsoft.AspNetCore.Mvc.Infrastructure.ControllerActionInvoker.Next(State& next, Scope& scope, Object& state, Boolean& isCompleted)
   at Microsoft.AspNetCore.Mvc.Infrastructure.ControllerActionInvoker.InvokeInnerFilterAsync()
--- End of stack trace from previous location where exception was thrown ---
   at Microsoft.AspNetCore.Mvc.Infrastructure.ResourceInvoker.<InvokeNextResourceFilter>g__Awaited|24_0(ResourceInvoker invoker, Task lastTask, State next, Scope scope, Object state, Boolean isCompleted)
   at Microsoft.AspNetCore.Mvc.Infrastructure.ResourceInvoker.Rethrow(ResourceExecutedContextSealed context)
   at Microsoft.AspNetCore.Mvc.Infrastructure.ResourceInvoker.Next(State& next, Scope& scope, Object& state, Boolean& isCompleted)
   at Microsoft.AspNetCore.Mvc.Infrastructure.ResourceInvoker.InvokeFilterPipelineAsync()
--- End of stack trace from previous location where exception was thrown ---
   at Microsoft.AspNetCore.Mvc.Infrastructure.ResourceInvoker.<InvokeAsync>g__Awaited|17_0(ResourceInvoker invoker, Task task, IDisposable scope)
   at Microsoft.AspNetCore.Routing.EndpointMiddleware.<Invoke>g__AwaitRequestTask|6_0(Endpoint endpoint, Task requestTask, ILogger logger)
   at Microsoft.AspNetCore.Diagnostics.DeveloperExceptionPageMiddleware.Invoke(HttpContext context)
2020-08-05 09:17:30,081  INFO Microsoft.Hosting.Lifetime.? [?] - MESSAGE: Application started. Press Ctrl+C to shut down.
 2020-08-05 09:17:30,090  INFO Microsoft.Hosting.Lifetime.? [?] - MESSAGE: Hosting environment: Development
 2020-08-05 09:17:30,092  INFO Microsoft.Hosting.Lifetime.? [?] - MESSAGE: Content root path: D:\Projects\Test\FileProcessorTest\FileProcessor
 2020-08-05 09:17:41,919 ERROR Microsoft.AspNetCore.Diagnostics.DeveloperExceptionPageMiddleware.? [?] - MESSAGE: An unhandled exception has occurred while executing the request.
 System.NullReferenceException: Object reference not set to an instance of an object.
   at Bll.Validators.TransactionValidator.ValidateTransactions(List`1 transactions) in D:\Projects\Test\FileProcessorTest\Bll\Validators\TransactionValidator.cs:line 60
   at Bll.Managers.FileManager.ProcessFileAsync(Stream content, String fileExtension) in D:\Projects\Test\FileProcessorTest\Bll\Managers\FileManager.cs:line 45
   at FileProcessor.Controllers.Api.FileUploaderController.UploadFile(IFormFile file) in D:\Projects\Test\FileProcessorTest\FileProcessor\Controllers\Api\FileUploaderController.cs:line 37
   at lambda_method(Closure , Object )
   at Microsoft.Extensions.Internal.ObjectMethodExecutorAwaitable.Awaiter.GetResult()
   at Microsoft.AspNetCore.Mvc.Infrastructure.ActionMethodExecutor.TaskOfActionResultExecutor.Execute(IActionResultTypeMapper mapper, ObjectMethodExecutor executor, Object controller, Object[] arguments)
   at Microsoft.AspNetCore.Mvc.Infrastructure.ControllerActionInvoker.<InvokeActionMethodAsync>g__Awaited|12_0(ControllerActionInvoker invoker, ValueTask`1 actionResultValueTask)
   at Microsoft.AspNetCore.Mvc.Infrastructure.ControllerActionInvoker.<InvokeNextActionFilterAsync>g__Awaited|10_0(ControllerActionInvoker invoker, Task lastTask, State next, Scope scope, Object state, Boolean isCompleted)
   at Microsoft.AspNetCore.Mvc.Infrastructure.ControllerActionInvoker.Rethrow(ActionExecutedContextSealed context)
   at Microsoft.AspNetCore.Mvc.Infrastructure.ControllerActionInvoker.Next(State& next, Scope& scope, Object& state, Boolean& isCompleted)
   at Microsoft.AspNetCore.Mvc.Infrastructure.ControllerActionInvoker.InvokeInnerFilterAsync()
--- End of stack trace from previous location where exception was thrown ---
   at Microsoft.AspNetCore.Mvc.Infrastructure.ResourceInvoker.<InvokeNextResourceFilter>g__Awaited|24_0(ResourceInvoker invoker, Task lastTask, State next, Scope scope, Object state, Boolean isCompleted)
   at Microsoft.AspNetCore.Mvc.Infrastructure.ResourceInvoker.Rethrow(ResourceExecutedContextSealed context)
   at Microsoft.AspNetCore.Mvc.Infrastructure.ResourceInvoker.Next(State& next, Scope& scope, Object& state, Boolean& isCompleted)
   at Microsoft.AspNetCore.Mvc.Infrastructure.ResourceInvoker.InvokeFilterPipelineAsync()
--- End of stack trace from previous location where exception was thrown ---
   at Microsoft.AspNetCore.Mvc.Infrastructure.ResourceInvoker.<InvokeAsync>g__Awaited|17_0(ResourceInvoker invoker, Task task, IDisposable scope)
   at Microsoft.AspNetCore.Routing.EndpointMiddleware.<Invoke>g__AwaitRequestTask|6_0(Endpoint endpoint, Task requestTask, ILogger logger)
   at Microsoft.AspNetCore.Diagnostics.DeveloperExceptionPageMiddleware.Invoke(HttpContext context)
2020-08-05 09:19:44,407  INFO Microsoft.Hosting.Lifetime.? [?] - MESSAGE: Application started. Press Ctrl+C to shut down.
 2020-08-05 09:19:44,417  INFO Microsoft.Hosting.Lifetime.? [?] - MESSAGE: Hosting environment: Development
 2020-08-05 09:19:44,418  INFO Microsoft.Hosting.Lifetime.? [?] - MESSAGE: Content root path: D:\Projects\Test\FileProcessorTest\FileProcessor
 2020-08-05 09:22:40,902  INFO Microsoft.Hosting.Lifetime.? [?] - MESSAGE: Application started. Press Ctrl+C to shut down.
 2020-08-05 09:22:40,913  INFO Microsoft.Hosting.Lifetime.? [?] - MESSAGE: Hosting environment: Development
 2020-08-05 09:22:40,915  INFO Microsoft.Hosting.Lifetime.? [?] - MESSAGE: Content root path: D:\Projects\Test\FileProcessorTest\FileProcessor
 2020-08-05 09:23:57,019  INFO Microsoft.Hosting.Lifetime.? [?] - MESSAGE: Application started. Press Ctrl+C to shut down.
 2020-08-05 09:23:57,032  INFO Microsoft.Hosting.Lifetime.? [?] - MESSAGE: Hosting environment: Development
 2020-08-05 09:23:57,034  INFO Microsoft.Hosting.Lifetime.? [?] - MESSAGE: Content root path: D:\Projects\Test\FileProcessorTest\FileProcessor
 2020-08-05 09:29:27,316  INFO Microsoft.Hosting.Lifetime.? [?] - MESSAGE: Application started. Press Ctrl+C to shut down.
 2020-08-05 09:29:27,327  INFO Microsoft.Hosting.Lifetime.? [?] - MESSAGE: Hosting environment: Development
 2020-08-05 09:29:27,328  INFO Microsoft.Hosting.Lifetime.? [?] - MESSAGE: Content root path: D:\Projects\Test\FileProcessorTest\FileProcessor
 2020-08-05 09:30:09,655  INFO Microsoft.Hosting.Lifetime.? [?] - MESSAGE: Application started. Press Ctrl+C to shut down.
 2020-08-05 09:30:09,666  INFO Microsoft.Hosting.Lifetime.? [?] - MESSAGE: Hosting environment: Development
 2020-08-05 09:30:09,668  INFO Microsoft.Hosting.Lifetime.? [?] - MESSAGE: Content root path: D:\Projects\Test\FileProcessorTest\FileProcessor
 2020-08-05 09:31:39,046  INFO Microsoft.Hosting.Lifetime.? [?] - MESSAGE: Application started. Press Ctrl+C to shut down.
 2020-08-05 09:31:39,056  INFO Microsoft.Hosting.Lifetime.? [?] - MESSAGE: Hosting environment: Development
 2020-08-05 09:31:39,058  INFO Microsoft.Hosting.Lifetime.? [?] - MESSAGE: Content root path: D:\Projects\Test\FileProcessorTest\FileProcessor
 2020-08-05 09:35:05,450  INFO Microsoft.Hosting.Lifetime.? [?] - MESSAGE: Application started. Press Ctrl+C to shut down.
 2020-08-05 09:35:05,460  INFO Microsoft.Hosting.Lifetime.? [?] - MESSAGE: Hosting environment: Development
 2020-08-05 09:35:05,462  INFO Microsoft.Hosting.Lifetime.? [?] - MESSAGE: Content root path: D:\Projects\Test\FileProcessorTest\FileProcessor
 2020-08-05 09:36:33,869  INFO Microsoft.Hosting.Lifetime.? [?] - MESSAGE: Application started. Press Ctrl+C to shut down.
 2020-08-05 09:36:33,880  INFO Microsoft.Hosting.Lifetime.? [?] - MESSAGE: Hosting environment: Development
 2020-08-05 09:36:33,881  INFO Microsoft.Hosting.Lifetime.? [?] - MESSAGE: Content root path: D:\Projects\Test\FileProcessorTest\FileProcessor
 2020-08-05 09:37:01,432  INFO Microsoft.Hosting.Lifetime.? [?] - MESSAGE: Application started. Press Ctrl+C to shut down.
 2020-08-05 09:37:01,442  INFO Microsoft.Hosting.Lifetime.? [?] - MESSAGE: Hosting environment: Development
 2020-08-05 09:37:01,443  INFO Microsoft.Hosting.Lifetime.? [?] - MESSAGE: Content root path: D:\Projects\Test\FileProcessorTest\FileProcessor
 2020-08-05 09:54:54,434  INFO Microsoft.Hosting.Lifetime.? [?] - MESSAGE: Application started. Press Ctrl+C to shut down.
 2020-08-05 09:54:54,444  INFO Microsoft.Hosting.Lifetime.? [?] - MESSAGE: Hosting environment: Development
 2020-08-05 09:54:54,446  INFO Microsoft.Hosting.Lifetime.? [?] - MESSAGE: Content root path: D:\Projects\Test\FileProcessorTest\FileProcessor
 2020-08-05 09:57:12,956  INFO Microsoft.Hosting.Lifetime.? [?] - MESSAGE: Application started. Press Ctrl+C to shut down.
 2020-08-05 09:57:12,965  INFO Microsoft.Hosting.Lifetime.? [?] - MESSAGE: Hosting environment: Development
 2020-08-05 09:57:12,967  INFO Microsoft.Hosting.Lifetime.? [?] - MESSAGE: Content root path: D:\Projects\Test\FileProcessorTest\FileProcessor
 2020-08-05 09:59:39,745  INFO Microsoft.Hosting.Lifetime.? [?] - MESSAGE: Application started. Press Ctrl+C to shut down.
 2020-08-05 09:59:39,758  INFO Microsoft.Hosting.Lifetime.? [?] - MESSAGE: Hosting environment: Development
 2020-08-05 09:59:39,759  INFO Microsoft.Hosting.Lifetime.? [?] - MESSAGE: Content root path: D:\Projects\Test\FileProcessorTest\FileProcessor
 2020-08-05 10:00:25,027  INFO Microsoft.Hosting.Lifetime.? [?] - MESSAGE: Application started. Press Ctrl+C to shut down.
 2020-08-05 10:00:25,037  INFO Microsoft.Hosting.Lifetime.? [?] - MESSAGE: Hosting environment: Development
 2020-08-05 10:00:25,039  INFO Microsoft.Hosting.Lifetime.? [?] - MESSAGE: Content root path: D:\Projects\Test\FileProcessorTest\FileProcessor
 2020-08-05 10:00:49,933  WARN Bll.Managers.FileManager.? [?] - MESSAGE: Errors occured during CSV file parsing. Details: 
 2020-08-05 10:06:01,215  INFO Microsoft.Hosting.Lifetime.? [?] - MESSAGE: Application started. Press Ctrl+C to shut down.
 2020-08-05 10:06:01,228  INFO Microsoft.Hosting.Lifetime.? [?] - MESSAGE: Hosting environment: Development
 2020-08-05 10:06:01,229  INFO Microsoft.Hosting.Lifetime.? [?] - MESSAGE: Content root path: D:\Projects\Test\FileProcessorTest\FileProcessor
 